# JRE version: Java(TM) SE Runtime Environment (21.0.3+7) (build 21.0.3+7-LTS-152)
# Java VM: Java HotSpot(TM) 64-Bit Server VM (21.0.3+7-LTS-152, mixed mode, sharing, tiered, compressed oops, compressed class ptrs, g1 gc, windows-amd64)
GC Precious Log:
 CardTable entry size: 512
 Card Set container configuration: InlinePtr #cards 5 size 8 Array Of Cards #cards 12 size 40 Howl #buckets 4 coarsen threshold 1843 Howl Bitmap #cards 512 size 80 coarsen threshold 460 Card regions per heap region 1 cards per card region 2048
 CPUs: 4 total, 4 available
 Memory: 3971M
 Large Page Support: Disabled
 NUMA Support: Disabled
 Compressed Oops: Enabled (32-bit)
 Heap Region Size: 1M
 Heap Min Capacity: 8M
 Heap Initial Capacity: 64M
 Heap Max Capacity: 994M
 Pre-touch: Disabled
 Parallel Workers: 4
 Concurrent Workers: 1
 Concurrent Refinement Workers: 4
 Periodic GC: Disabled
Heap:
 garbage-first heap   total 56320K, used 33431K [0x00000000c1e00000, 0x0000000100000000)
  region size 1024K, 5 young (5120K), 2 survivors (2048K)
 Metaspace       used 64691K, committed 65344K, reserved 1114112K
  class space    used 8736K, committed 9024K, reserved 1048576K
GC Heap History (20 events):
Event: 9.351 GC heap before
{Heap before GC invocations=6 (full 0):
 garbage-first heap   total 55296K, used 45859K [0x00000000c1e00000, 0x0000000100000000)
  region size 1024K, 32 young (32768K), 2 survivors (2048K)
 Metaspace       used 26634K, committed 27072K, reserved 1114112K
  class space    used 3359K, committed 3584K, reserved 1048576K
}
Event: 9.359 GC heap after
{Heap after GC invocations=7 (full 0):
 garbage-first heap   total 55296K, used 18192K [0x00000000c1e00000, 0x0000000100000000)
  region size 1024K, 4 young (4096K), 4 survivors (4096K)
 Metaspace       used 26634K, committed 27072K, reserved 1114112K
  class space    used 3359K, committed 3584K, reserved 1048576K
}
Event: 10.787 GC heap before
{Heap before GC invocations=7 (full 0):
 garbage-first heap   total 55296K, used 43792K [0x00000000c1e00000, 0x0000000100000000)
  region size 1024K, 29 young (29696K), 4 survivors (4096K)
 Metaspace       used 31024K, committed 31616K, reserved 1114112K
  class space    used 3907K, committed 4160K, reserved 1048576K
}
Event: 10.797 GC heap after
{Heap after GC invocations=8 (full 0):
 garbage-first heap   total 55296K, used 20086K [0x00000000c1e00000, 0x0000000100000000)
  region size 1024K, 3 young (3072K), 3 survivors (3072K)
 Metaspace       used 31024K, committed 31616K, reserved 1114112K
  class space    used 3907K, committed 4160K, reserved 1048576K
}
Event: 11.609 GC heap before
{Heap before GC invocations=8 (full 0):
 garbage-first heap   total 55296K, used 33398K [0x00000000c1e00000, 0x0000000100000000)
  region size 1024K, 17 young (17408K), 3 survivors (3072K)
 Metaspace       used 35409K, committed 35968K, reserved 1114112K
  class space    used 4516K, committed 4800K, reserved 1048576K
}
Event: 11.614 GC heap after
{Heap after GC invocations=9 (full 0):
 garbage-first heap   total 55296K, used 20554K [0x00000000c1e00000, 0x0000000100000000)
  region size 1024K, 3 young (3072K), 3 survivors (3072K)
 Metaspace       used 35409K, committed 35968K, reserved 1114112K
  class space    used 4516K, committed 4800K, reserved 1048576K
}
Event: 13.181 GC heap before
{Heap before GC invocations=10 (full 0):
 garbage-first heap   total 55296K, used 45130K [0x00000000c1e00000, 0x0000000100000000)
  region size 1024K, 28 young (28672K), 3 survivors (3072K)
 Metaspace       used 43014K, committed 43584K, reserved 1114112K
  class space    used 5567K, committed 5824K, reserved 1048576K
}
Event: 13.189 GC heap after
{Heap after GC invocations=11 (full 0):
 garbage-first heap   total 55296K, used 23315K [0x00000000c1e00000, 0x0000000100000000)
  region size 1024K, 4 young (4096K), 4 survivors (4096K)
 Metaspace       used 43014K, committed 43584K, reserved 1114112K
  class space    used 5567K, committed 5824K, reserved 1048576K
}
Event: 14.495 GC heap before
{Heap before GC invocations=11 (full 0):
 garbage-first heap   total 55296K, used 44819K [0x00000000c1e00000, 0x0000000100000000)
  region size 1024K, 26 young (26624K), 4 survivors (4096K)
 Metaspace       used 50605K, committed 51264K, reserved 1114112K
  class space    used 6692K, committed 6976K, reserved 1048576K
}
Event: 14.505 GC heap after
{Heap after GC invocations=12 (full 0):
 garbage-first heap   total 55296K, used 24317K [0x00000000c1e00000, 0x0000000100000000)
  region size 1024K, 2 young (2048K), 2 survivors (2048K)
 Metaspace       used 50605K, committed 51264K, reserved 1114112K
  class space    used 6692K, committed 6976K, reserved 1048576K
}
Event: 16.490 GC heap before
{Heap before GC invocations=12 (full 0):
 garbage-first heap   total 55296K, used 46845K [0x00000000c1e00000, 0x0000000100000000)
  region size 1024K, 24 young (24576K), 2 survivors (2048K)
 Metaspace       used 55749K, committed 56384K, reserved 1114112K
  class space    used 7481K, committed 7744K, reserved 1048576K
}
Event: 16.495 GC heap after
{Heap after GC invocations=13 (full 0):
 garbage-first heap   total 55296K, used 25142K [0x00000000c1e00000, 0x0000000100000000)
  region size 1024K, 3 young (3072K), 3 survivors (3072K)
 Metaspace       used 55749K, committed 56384K, reserved 1114112K
  class space    used 7481K, committed 7744K, reserved 1048576K
}
Event: 17.431 GC heap before
{Heap before GC invocations=13 (full 0):
 garbage-first heap   total 55296K, used 45622K [0x00000000c1e00000, 0x0000000100000000)
  region size 1024K, 24 young (24576K), 3 survivors (3072K)
 Metaspace       used 59467K, committed 60160K, reserved 1114112K
  class space    used 7935K, committed 8256K, reserved 1048576K
}
Event: 17.439 GC heap after
{Heap after GC invocations=14 (full 0):
 garbage-first heap   total 55296K, used 27066K [0x00000000c1e00000, 0x0000000100000000)
  region size 1024K, 3 young (3072K), 3 survivors (3072K)
 Metaspace       used 59467K, committed 60160K, reserved 1114112K
  class space    used 7935K, committed 8256K, reserved 1048576K
}
Event: 17.884 GC heap before
{Heap before GC invocations=15 (full 0):
 garbage-first heap   total 55296K, used 47546K [0x00000000c1e00000, 0x0000000100000000)
  region size 1024K, 23 young (23552K), 3 survivors (3072K)
 Metaspace       used 60040K, committed 60736K, reserved 1114112K
  class space    used 8019K, committed 8320K, reserved 1048576K
}
Event: 17.891 GC heap after
{Heap after GC invocations=16 (full 0):
 garbage-first heap   total 55296K, used 27904K [0x00000000c1e00000, 0x0000000100000000)
  region size 1024K, 1 young (1024K), 1 survivors (1024K)
 Metaspace       used 60040K, committed 60736K, reserved 1114112K
  class space    used 8019K, committed 8320K, reserved 1048576K
}
Event: 18.658 GC heap before
{Heap before GC invocations=16 (full 0):
 garbage-first heap   total 55296K, used 49408K [0x00000000c1e00000, 0x0000000100000000)
  region size 1024K, 22 young (22528K), 1 survivors (1024K)
 Metaspace       used 62191K, committed 62976K, reserved 1114112K
  class space    used 8361K, committed 8704K, reserved 1048576K
}
Event: 18.668 GC heap after
{Heap after GC invocations=17 (full 0):
 garbage-first heap   total 55296K, used 29635K [0x00000000c1e00000, 0x0000000100000000)
  region size 1024K, 3 young (3072K), 3 survivors (3072K)
 Metaspace       used 62191K, committed 62976K, reserved 1114112K
  class space    used 8361K, committed 8704K, reserved 1048576K
}
Event: 19.463 GC heap before
{Heap before GC invocations=17 (full 0):
 garbage-first heap   total 55296K, used 47043K [0x00000000c1e00000, 0x0000000100000000)
  region size 1024K, 20 young (20480K), 3 survivors (3072K)
 Metaspace       used 64413K, committed 65152K, reserved 1114112K
  class space    used 8693K, committed 9024K, reserved 1048576K
}
Event: 19.472 GC heap after
{Heap after GC invocations=18 (full 0):
 garbage-first heap   total 55296K, used 31383K [0x00000000c1e00000, 0x0000000100000000)
  region size 1024K, 2 young (2048K), 2 survivors (2048K)
 Metaspace       used 64413K, committed 65152K, reserved 1114112K
  class space    used 8693K, committed 9024K, reserved 1048576K
}

