# JRE version: Java(TM) SE Runtime Environment (21.0.3+7) (build 21.0.3+7-LTS-152)
# Java VM: Java HotSpot(TM) 64-Bit Server VM (21.0.3+7-LTS-152, mixed mode, sharing, tiered, compressed oops, compressed class ptrs, g1 gc, windows-amd64)
GC Precious Log:
 CardTable entry size: 512
 Card Set container configuration: InlinePtr #cards 5 size 8 Array Of Cards #cards 12 size 40 Howl #buckets 4 coarsen threshold 1843 Howl Bitmap #cards 512 size 80 coarsen threshold 460 Card regions per heap region 1 cards per card region 2048
 CPUs: 4 total, 4 available
 Memory: 3971M
 Large Page Support: Disabled
 NUMA Support: Disabled
 Compressed Oops: Enabled (32-bit)
 Heap Region Size: 1M
 Heap Min Capacity: 8M
 Heap Initial Capacity: 64M
 Heap Max Capacity: 994M
 Pre-touch: Disabled
 Parallel Workers: 4
 Concurrent Workers: 1
 Concurrent Refinement Workers: 4
 Periodic GC: Disabled
Heap:
 garbage-first heap   total 60416K, used 34473K [0x00000000c1e00000, 0x0000000100000000)
  region size 1024K, 3 young (3072K), 1 survivors (1024K)
 Metaspace       used 69611K, committed 70336K, reserved 1114112K
  class space    used 9600K, committed 9920K, reserved 1048576K
GC Heap History (20 events):
Event: 12.879 GC heap before
{Heap before GC invocations=11 (full 0):
 garbage-first heap   total 51200K, used 43718K [0x00000000c1e00000, 0x0000000100000000)
  region size 1024K, 24 young (24576K), 3 survivors (3072K)
 Metaspace       used 49579K, committed 50176K, reserved 1114112K
  class space    used 6490K, committed 6720K, reserved 1048576K
}
Event: 12.887 GC heap after
{Heap after GC invocations=12 (full 0):
 garbage-first heap   total 51200K, used 23441K [0x00000000c1e00000, 0x0000000100000000)
  region size 1024K, 2 young (2048K), 2 survivors (2048K)
 Metaspace       used 49579K, committed 50176K, reserved 1114112K
  class space    used 6490K, committed 6720K, reserved 1048576K
}
Event: 13.813 GC heap before
{Heap before GC invocations=12 (full 0):
 garbage-first heap   total 51200K, used 43921K [0x00000000c1e00000, 0x0000000100000000)
  region size 1024K, 22 young (22528K), 2 survivors (2048K)
 Metaspace       used 54053K, committed 54720K, reserved 1114112K
  class space    used 7218K, committed 7488K, reserved 1048576K
}
Event: 13.817 GC heap after
{Heap after GC invocations=13 (full 0):
 garbage-first heap   total 51200K, used 24138K [0x00000000c1e00000, 0x0000000100000000)
  region size 1024K, 3 young (3072K), 3 survivors (3072K)
 Metaspace       used 54053K, committed 54720K, reserved 1114112K
  class space    used 7218K, committed 7488K, reserved 1048576K
}
Event: 15.455 GC heap before
{Heap before GC invocations=13 (full 0):
 garbage-first heap   total 51200K, used 42570K [0x00000000c1e00000, 0x0000000100000000)
  region size 1024K, 22 young (22528K), 3 survivors (3072K)
 Metaspace       used 58260K, committed 58944K, reserved 1114112K
  class space    used 7772K, committed 8064K, reserved 1048576K
}
Event: 15.462 GC heap after
{Heap after GC invocations=14 (full 0):
 garbage-first heap   total 51200K, used 26062K [0x00000000c1e00000, 0x0000000100000000)
  region size 1024K, 3 young (3072K), 3 survivors (3072K)
 Metaspace       used 58260K, committed 58944K, reserved 1114112K
  class space    used 7772K, committed 8064K, reserved 1048576K
}
Event: 15.684 GC heap before
{Heap before GC invocations=14 (full 0):
 garbage-first heap   total 51200K, used 33230K [0x00000000c1e00000, 0x0000000100000000)
  region size 1024K, 11 young (11264K), 3 survivors (3072K)
 Metaspace       used 59455K, committed 60096K, reserved 1114112K
  class space    used 7945K, committed 8256K, reserved 1048576K
}
Event: 15.691 GC heap after
{Heap after GC invocations=15 (full 0):
 garbage-first heap   total 51200K, used 26651K [0x00000000c1e00000, 0x0000000100000000)
  region size 1024K, 1 young (1024K), 1 survivors (1024K)
 Metaspace       used 59455K, committed 60096K, reserved 1114112K
  class space    used 7945K, committed 8256K, reserved 1048576K
}
Event: 16.352 GC heap before
{Heap before GC invocations=16 (full 0):
 garbage-first heap   total 53248K, used 45083K [0x00000000c1e00000, 0x0000000100000000)
  region size 1024K, 19 young (19456K), 1 survivors (1024K)
 Metaspace       used 60934K, committed 61568K, reserved 1114112K
  class space    used 8286K, committed 8576K, reserved 1048576K
}
Event: 16.357 GC heap after
{Heap after GC invocations=17 (full 0):
 garbage-first heap   total 53248K, used 27641K [0x00000000c1e00000, 0x0000000100000000)
  region size 1024K, 2 young (2048K), 2 survivors (2048K)
 Metaspace       used 60934K, committed 61568K, reserved 1114112K
  class space    used 8286K, committed 8576K, reserved 1048576K
}
Event: 16.770 GC heap before
{Heap before GC invocations=17 (full 0):
 garbage-first heap   total 53248K, used 45049K [0x00000000c1e00000, 0x0000000100000000)
  region size 1024K, 20 young (20480K), 2 survivors (2048K)
 Metaspace       used 62996K, committed 63680K, reserved 1114112K
  class space    used 8657K, committed 8960K, reserved 1048576K
}
Event: 16.779 GC heap after
{Heap after GC invocations=18 (full 0):
 garbage-first heap   total 53248K, used 28723K [0x00000000c1e00000, 0x0000000100000000)
  region size 1024K, 3 young (3072K), 3 survivors (3072K)
 Metaspace       used 62996K, committed 63680K, reserved 1114112K
  class space    used 8657K, committed 8960K, reserved 1048576K
}
Event: 17.173 GC heap before
{Heap before GC invocations=18 (full 0):
 garbage-first heap   total 53248K, used 45107K [0x00000000c1e00000, 0x0000000100000000)
  region size 1024K, 19 young (19456K), 3 survivors (3072K)
 Metaspace       used 64679K, committed 65344K, reserved 1114112K
  class space    used 8908K, committed 9216K, reserved 1048576K
}
Event: 17.182 GC heap after
{Heap after GC invocations=19 (full 0):
 garbage-first heap   total 53248K, used 29584K [0x00000000c1e00000, 0x0000000100000000)
  region size 1024K, 3 young (3072K), 3 survivors (3072K)
 Metaspace       used 64679K, committed 65344K, reserved 1114112K
  class space    used 8908K, committed 9216K, reserved 1048576K
}
Event: 17.984 GC heap before
{Heap before GC invocations=20 (full 0):
 garbage-first heap   total 58368K, used 43920K [0x00000000c1e00000, 0x0000000100000000)
  region size 1024K, 18 young (18432K), 3 survivors (3072K)
 Metaspace       used 66802K, committed 67520K, reserved 1114112K
  class space    used 9205K, committed 9536K, reserved 1048576K
}
Event: 17.994 GC heap after
{Heap after GC invocations=21 (full 0):
 garbage-first heap   total 58368K, used 30720K [0x00000000c1e00000, 0x0000000100000000)
  region size 1024K, 2 young (2048K), 2 survivors (2048K)
 Metaspace       used 66802K, committed 67520K, reserved 1114112K
  class space    used 9205K, committed 9536K, reserved 1048576K
}
Event: 18.846 GC heap before
{Heap before GC invocations=21 (full 0):
 garbage-first heap   total 58368K, used 52224K [0x00000000c1e00000, 0x0000000100000000)
  region size 1024K, 23 young (23552K), 2 survivors (2048K)
 Metaspace       used 69248K, committed 69952K, reserved 1114112K
  class space    used 9557K, committed 9856K, reserved 1048576K
}
Event: 18.874 GC heap after
{Heap after GC invocations=22 (full 0):
 garbage-first heap   total 58368K, used 32885K [0x00000000c1e00000, 0x0000000100000000)
  region size 1024K, 3 young (3072K), 3 survivors (3072K)
 Metaspace       used 69248K, committed 69952K, reserved 1114112K
  class space    used 9557K, committed 9856K, reserved 1048576K
}
Event: 243.745 GC heap before
{Heap before GC invocations=22 (full 0):
 garbage-first heap   total 58368K, used 50293K [0x00000000c1e00000, 0x0000000100000000)
  region size 1024K, 20 young (20480K), 3 survivors (3072K)
 Metaspace       used 69614K, committed 70336K, reserved 1114112K
  class space    used 9601K, committed 9920K, reserved 1048576K
}
Event: 243.866 GC heap after
{Heap after GC invocations=23 (full 0):
 garbage-first heap   total 58368K, used 33449K [0x00000000c1e00000, 0x0000000100000000)
  region size 1024K, 1 young (1024K), 1 survivors (1024K)
 Metaspace       used 69614K, committed 70336K, reserved 1114112K
  class space    used 9601K, committed 9920K, reserved 1048576K
}

