# JRE version: Java(TM) SE Runtime Environment (21.0.3+7) (build 21.0.3+7-LTS-152)
# Java VM: Java HotSpot(TM) 64-Bit Server VM (21.0.3+7-LTS-152, mixed mode, sharing, tiered, compressed oops, compressed class ptrs, g1 gc, windows-amd64)
GC Precious Log:
 CardTable entry size: 512
 Card Set container configuration: InlinePtr #cards 5 size 8 Array Of Cards #cards 12 size 40 Howl #buckets 4 coarsen threshold 1843 Howl Bitmap #cards 512 size 80 coarsen threshold 460 Card regions per heap region 1 cards per card region 2048
 CPUs: 4 total, 4 available
 Memory: 3971M
 Large Page Support: Disabled
 NUMA Support: Disabled
 Compressed Oops: Enabled (32-bit)
 Heap Region Size: 1M
 Heap Min Capacity: 8M
 Heap Initial Capacity: 64M
 Heap Max Capacity: 994M
 Pre-touch: Disabled
 Parallel Workers: 4
 Concurrent Workers: 1
 Concurrent Refinement Workers: 4
 Periodic GC: Disabled
Heap:
 garbage-first heap   total 71680K, used 60364K [0x00000000c1e00000, 0x0000000100000000)
  region size 1024K, 26 young (26624K), 2 survivors (2048K)
 Metaspace       used 69344K, committed 70144K, reserved 1114112K
  class space    used 9260K, committed 9600K, reserved 1048576K
GC Heap History (20 events):
Event: 15.549 GC heap before
{Heap before GC invocations=11 (full 0):
 garbage-first heap   total 55296K, used 45105K [0x00000000c1e00000, 0x0000000100000000)
  region size 1024K, 27 young (27648K), 4 survivors (4096K)
 Metaspace       used 51081K, committed 51648K, reserved 1114112K
  class space    used 6804K, committed 7040K, reserved 1048576K
}
Event: 15.557 GC heap after
{Heap after GC invocations=12 (full 0):
 garbage-first heap   total 55296K, used 23213K [0x00000000c1e00000, 0x0000000100000000)
  region size 1024K, 2 young (2048K), 2 survivors (2048K)
 Metaspace       used 51081K, committed 51648K, reserved 1114112K
  class space    used 6804K, committed 7040K, reserved 1048576K
}
Event: 17.165 GC heap before
{Heap before GC invocations=12 (full 0):
 garbage-first heap   total 55296K, used 45741K [0x00000000c1e00000, 0x0000000100000000)
  region size 1024K, 25 young (25600K), 2 survivors (2048K)
 Metaspace       used 56602K, committed 57280K, reserved 1114112K
  class space    used 7513K, committed 7808K, reserved 1048576K
}
Event: 17.175 GC heap after
{Heap after GC invocations=13 (full 0):
 garbage-first heap   total 55296K, used 24945K [0x00000000c1e00000, 0x0000000100000000)
  region size 1024K, 3 young (3072K), 3 survivors (3072K)
 Metaspace       used 56602K, committed 57280K, reserved 1114112K
  class space    used 7513K, committed 7808K, reserved 1048576K
}
Event: 18.570 GC heap before
{Heap before GC invocations=13 (full 0):
 garbage-first heap   total 55296K, used 47473K [0x00000000c1e00000, 0x0000000100000000)
  region size 1024K, 25 young (25600K), 3 survivors (3072K)
 Metaspace       used 57774K, committed 58432K, reserved 1114112K
  class space    used 7699K, committed 8000K, reserved 1048576K
}
Event: 18.582 GC heap after
{Heap after GC invocations=14 (full 0):
 garbage-first heap   total 55296K, used 26090K [0x00000000c1e00000, 0x0000000100000000)
  region size 1024K, 3 young (3072K), 3 survivors (3072K)
 Metaspace       used 57774K, committed 58432K, reserved 1114112K
  class space    used 7699K, committed 8000K, reserved 1048576K
}
Event: 19.646 GC heap before
{Heap before GC invocations=14 (full 0):
 garbage-first heap   total 55296K, used 39402K [0x00000000c1e00000, 0x0000000100000000)
  region size 1024K, 17 young (17408K), 3 survivors (3072K)
 Metaspace       used 59436K, committed 60096K, reserved 1114112K
  class space    used 7923K, committed 8192K, reserved 1048576K
}
Event: 19.663 GC heap after
{Heap after GC invocations=15 (full 0):
 garbage-first heap   total 55296K, used 27792K [0x00000000c1e00000, 0x0000000100000000)
  region size 1024K, 3 young (3072K), 3 survivors (3072K)
 Metaspace       used 59436K, committed 60096K, reserved 1114112K
  class space    used 7923K, committed 8192K, reserved 1048576K
}
Event: 46.435 GC heap before
{Heap before GC invocations=16 (full 0):
 garbage-first heap   total 55296K, used 47248K [0x00000000c1e00000, 0x0000000100000000)
  region size 1024K, 22 young (22528K), 3 survivors (3072K)
 Metaspace       used 61856K, committed 62592K, reserved 1114112K
  class space    used 8295K, committed 8640K, reserved 1048576K
}
Event: 46.449 GC heap after
{Heap after GC invocations=17 (full 0):
 garbage-first heap   total 55296K, used 29231K [0x00000000c1e00000, 0x0000000100000000)
  region size 1024K, 2 young (2048K), 2 survivors (2048K)
 Metaspace       used 61856K, committed 62592K, reserved 1114112K
  class space    used 8295K, committed 8640K, reserved 1048576K
}
Event: 47.326 GC heap before
{Heap before GC invocations=17 (full 0):
 garbage-first heap   total 55296K, used 49711K [0x00000000c1e00000, 0x0000000100000000)
  region size 1024K, 21 young (21504K), 2 survivors (2048K)
 Metaspace       used 65451K, committed 66240K, reserved 1114112K
  class space    used 8806K, committed 9152K, reserved 1048576K
}
Event: 47.336 GC heap after
{Heap after GC invocations=18 (full 0):
 garbage-first heap   total 56320K, used 30770K [0x00000000c1e00000, 0x0000000100000000)
  region size 1024K, 2 young (2048K), 2 survivors (2048K)
 Metaspace       used 65451K, committed 66240K, reserved 1114112K
  class space    used 8806K, committed 9152K, reserved 1048576K
}
Event: 59.432 GC heap before
{Heap before GC invocations=18 (full 0):
 garbage-first heap   total 56320K, used 48178K [0x00000000c1e00000, 0x0000000100000000)
  region size 1024K, 20 young (20480K), 2 survivors (2048K)
 Metaspace       used 68919K, committed 69696K, reserved 1114112K
  class space    used 9233K, committed 9536K, reserved 1048576K
}
Event: 59.441 GC heap after
{Heap after GC invocations=19 (full 0):
 garbage-first heap   total 56320K, used 33298K [0x00000000c1e00000, 0x0000000100000000)
  region size 1024K, 3 young (3072K), 3 survivors (3072K)
 Metaspace       used 68919K, committed 69696K, reserved 1114112K
  class space    used 9233K, committed 9536K, reserved 1048576K
}
Event: 65.699 GC heap before
{Heap before GC invocations=20 (full 0):
 garbage-first heap   total 71680K, used 50706K [0x00000000c1e00000, 0x0000000100000000)
  region size 1024K, 18 young (18432K), 3 survivors (3072K)
 Metaspace       used 68962K, committed 69760K, reserved 1114112K
  class space    used 9233K, committed 9536K, reserved 1048576K
}
Event: 65.703 GC heap after
{Heap after GC invocations=21 (full 0):
 garbage-first heap   total 71680K, used 33602K [0x00000000c1e00000, 0x0000000100000000)
  region size 1024K, 2 young (2048K), 2 survivors (2048K)
 Metaspace       used 68962K, committed 69760K, reserved 1114112K
  class space    used 9233K, committed 9536K, reserved 1048576K
}
Event: 146.372 GC heap before
{Heap before GC invocations=21 (full 0):
 garbage-first heap   total 71680K, used 65346K [0x00000000c1e00000, 0x0000000100000000)
  region size 1024K, 29 young (29696K), 2 survivors (2048K)
 Metaspace       used 69101K, committed 69824K, reserved 1114112K
  class space    used 9233K, committed 9536K, reserved 1048576K
}
Event: 146.510 GC heap after
{Heap after GC invocations=22 (full 0):
 garbage-first heap   total 71680K, used 33276K [0x00000000c1e00000, 0x0000000100000000)
  region size 1024K, 2 young (2048K), 2 survivors (2048K)
 Metaspace       used 69101K, committed 69824K, reserved 1114112K
  class space    used 9233K, committed 9536K, reserved 1048576K
}
Event: 199.969 GC heap before
{Heap before GC invocations=22 (full 0):
 garbage-first heap   total 71680K, used 39420K [0x00000000c1e00000, 0x0000000100000000)
  region size 1024K, 10 young (10240K), 2 survivors (2048K)
 Metaspace       used 69132K, committed 69888K, reserved 1114112K
  class space    used 9233K, committed 9536K, reserved 1048576K
}
Event: 200.019 GC heap after
{Heap after GC invocations=23 (full 0):
 garbage-first heap   total 71680K, used 33740K [0x00000000c1e00000, 0x0000000100000000)
  region size 1024K, 2 young (2048K), 2 survivors (2048K)
 Metaspace       used 69132K, committed 69888K, reserved 1114112K
  class space    used 9233K, committed 9536K, reserved 1048576K
}

