# JRE version: Java(TM) SE Runtime Environment (21.0.3+7) (build 21.0.3+7-LTS-152)
# Java VM: Java HotSpot(TM) 64-Bit Server VM (21.0.3+7-LTS-152, mixed mode, sharing, tiered, compressed oops, compressed class ptrs, g1 gc, windows-amd64)
GC Precious Log:
 CardTable entry size: 512
 Card Set container configuration: InlinePtr #cards 5 size 8 Array Of Cards #cards 12 size 40 Howl #buckets 4 coarsen threshold 1843 Howl Bitmap #cards 512 size 80 coarsen threshold 460 Card regions per heap region 1 cards per card region 2048
 CPUs: 4 total, 4 available
 Memory: 3971M
 Large Page Support: Disabled
 NUMA Support: Disabled
 Compressed Oops: Enabled (32-bit)
 Heap Region Size: 1M
 Heap Min Capacity: 8M
 Heap Initial Capacity: 64M
 Heap Max Capacity: 994M
 Pre-touch: Disabled
 Parallel Workers: 4
 Concurrent Workers: 1
 Concurrent Refinement Workers: 4
 Periodic GC: Disabled
Heap:
 garbage-first heap   total 117760K, used 116525K [0x00000000c1e00000, 0x0000000100000000)
  region size 1024K, 48 young (49152K), 1 survivors (1024K)
 Metaspace       used 74745K, committed 75392K, reserved 1179648K
  class space    used 9874K, committed 10176K, reserved 1048576K
GC Heap History (20 events):
Event: 1796.179 GC heap after
{Heap after GC invocations=28 (full 0):
 garbage-first heap   total 61440K, used 34457K [0x00000000c1e00000, 0x0000000100000000)
  region size 1024K, 1 young (1024K), 1 survivors (1024K)
 Metaspace       used 71815K, committed 72896K, reserved 1114112K
  class space    used 9592K, committed 9984K, reserved 1048576K
}
Event: 1966.969 GC heap before
{Heap before GC invocations=28 (full 0):
 garbage-first heap   total 61440K, used 54937K [0x00000000c1e00000, 0x0000000100000000)
  region size 1024K, 22 young (22528K), 1 survivors (1024K)
 Metaspace       used 73023K, committed 73728K, reserved 1114112K
  class space    used 9713K, committed 10112K, reserved 1048576K
}
Event: 1967.041 GC heap after
{Heap after GC invocations=29 (full 0):
 garbage-first heap   total 62464K, used 33553K [0x00000000c1e00000, 0x0000000100000000)
  region size 1024K, 2 young (2048K), 2 survivors (2048K)
 Metaspace       used 73023K, committed 73728K, reserved 1114112K
  class space    used 9713K, committed 10112K, reserved 1048576K
}
Event: 1994.036 GC heap before
{Heap before GC invocations=29 (full 0):
 garbage-first heap   total 71680K, used 70417K [0x00000000c1e00000, 0x0000000100000000)
  region size 1024K, 24 young (24576K), 2 survivors (2048K)
 Metaspace       used 73668K, committed 74368K, reserved 1114112K
  class space    used 9779K, committed 10176K, reserved 1048576K
}
Event: 1994.052 GC heap after
{Heap after GC invocations=30 (full 0):
 garbage-first heap   total 77824K, used 37277K [0x00000000c1e00000, 0x0000000100000000)
  region size 1024K, 3 young (3072K), 3 survivors (3072K)
 Metaspace       used 73668K, committed 74368K, reserved 1114112K
  class space    used 9779K, committed 10176K, reserved 1048576K
}
Event: 1994.058 GC heap before
{Heap before GC invocations=30 (full 0):
 garbage-first heap   total 77824K, used 38301K [0x00000000c1e00000, 0x0000000100000000)
  region size 1024K, 6 young (6144K), 3 survivors (3072K)
 Metaspace       used 73668K, committed 74368K, reserved 1114112K
  class space    used 9779K, committed 10176K, reserved 1048576K
}
Event: 1994.067 GC heap after
{Heap after GC invocations=31 (full 0):
 garbage-first heap   total 77824K, used 38155K [0x00000000c1e00000, 0x0000000100000000)
  region size 1024K, 3 young (3072K), 3 survivors (3072K)
 Metaspace       used 73668K, committed 74368K, reserved 1114112K
  class space    used 9779K, committed 10176K, reserved 1048576K
}
Event: 2349.945 GC heap before
{Heap before GC invocations=32 (full 0):
 garbage-first heap   total 111616K, used 91403K [0x00000000c1e00000, 0x0000000100000000)
  region size 1024K, 31 young (31744K), 3 survivors (3072K)
 Metaspace       used 73735K, committed 74496K, reserved 1114112K
  class space    used 9779K, committed 10176K, reserved 1048576K
}
Event: 2349.977 GC heap after
{Heap after GC invocations=33 (full 0):
 garbage-first heap   total 111616K, used 34003K [0x00000000c1e00000, 0x0000000100000000)
  region size 1024K, 1 young (1024K), 1 survivors (1024K)
 Metaspace       used 73735K, committed 74496K, reserved 1114112K
  class space    used 9779K, committed 10176K, reserved 1048576K
}
Event: 3472.914 GC heap before
{Heap before GC invocations=33 (full 0):
 garbage-first heap   total 111616K, used 93395K [0x00000000c1e00000, 0x0000000100000000)
  region size 1024K, 59 young (60416K), 1 survivors (1024K)
 Metaspace       used 73764K, committed 74496K, reserved 1114112K
  class space    used 9779K, committed 10176K, reserved 1048576K
}
Event: 3473.064 GC heap after
{Heap after GC invocations=34 (full 0):
 garbage-first heap   total 111616K, used 32973K [0x00000000c1e00000, 0x0000000100000000)
  region size 1024K, 1 young (1024K), 1 survivors (1024K)
 Metaspace       used 73764K, committed 74496K, reserved 1114112K
  class space    used 9779K, committed 10176K, reserved 1048576K
}
Event: 4682.189 GC heap before
{Heap before GC invocations=34 (full 0):
 garbage-first heap   total 111616K, used 98509K [0x00000000c1e00000, 0x0000000100000000)
  region size 1024K, 65 young (66560K), 1 survivors (1024K)
 Metaspace       used 73790K, committed 74496K, reserved 1114112K
  class space    used 9779K, committed 10176K, reserved 1048576K
}
Event: 4682.271 GC heap after
{Heap after GC invocations=35 (full 0):
 garbage-first heap   total 111616K, used 33570K [0x00000000c1e00000, 0x0000000100000000)
  region size 1024K, 1 young (1024K), 1 survivors (1024K)
 Metaspace       used 73790K, committed 74496K, reserved 1114112K
  class space    used 9779K, committed 10176K, reserved 1048576K
}
Event: 5878.057 GC heap before
{Heap before GC invocations=36 (full 0):
 garbage-first heap   total 111616K, used 99106K [0x00000000c1e00000, 0x0000000100000000)
  region size 1024K, 65 young (66560K), 1 survivors (1024K)
 Metaspace       used 73787K, committed 74496K, reserved 1114112K
  class space    used 9772K, committed 10176K, reserved 1048576K
}
Event: 5878.111 GC heap after
{Heap after GC invocations=37 (full 0):
 garbage-first heap   total 111616K, used 33727K [0x00000000c1e00000, 0x0000000100000000)
  region size 1024K, 1 young (1024K), 1 survivors (1024K)
 Metaspace       used 73787K, committed 74496K, reserved 1114112K
  class space    used 9772K, committed 10176K, reserved 1048576K
}
Event: 6798.437 GC heap before
{Heap before GC invocations=37 (full 0):
 garbage-first heap   total 111616K, used 109503K [0x00000000c1e00000, 0x0000000100000000)
  region size 1024K, 62 young (63488K), 1 survivors (1024K)
 Metaspace       used 73806K, committed 74560K, reserved 1114112K
  class space    used 9772K, committed 10176K, reserved 1048576K
}
Event: 6798.526 GC heap after
{Heap after GC invocations=38 (full 0):
 garbage-first heap   total 116736K, used 37093K [0x00000000c1e00000, 0x0000000100000000)
  region size 1024K, 4 young (4096K), 4 survivors (4096K)
 Metaspace       used 73806K, committed 74560K, reserved 1114112K
  class space    used 9772K, committed 10176K, reserved 1048576K
}
Event: 6798.548 GC heap before
{Heap before GC invocations=38 (full 0):
 garbage-first heap   total 116736K, used 37093K [0x00000000c1e00000, 0x0000000100000000)
  region size 1024K, 6 young (6144K), 4 survivors (4096K)
 Metaspace       used 73806K, committed 74560K, reserved 1114112K
  class space    used 9772K, committed 10176K, reserved 1048576K
}
Event: 6798.572 GC heap after
{Heap after GC invocations=39 (full 0):
 garbage-first heap   total 116736K, used 37677K [0x00000000c1e00000, 0x0000000100000000)
  region size 1024K, 4 young (4096K), 4 survivors (4096K)
 Metaspace       used 73806K, committed 74560K, reserved 1114112K
  class space    used 9772K, committed 10176K, reserved 1048576K
}
Event: 7466.499 GC heap before
{Heap before GC invocations=40 (full 0):
 garbage-first heap   total 116736K, used 115501K [0x00000000c1e00000, 0x0000000100000000)
  region size 1024K, 51 young (52224K), 4 survivors (4096K)
 Metaspace       used 74745K, committed 75392K, reserved 1179648K
  class space    used 9874K, committed 10176K, reserved 1048576K
}

