# JRE version: Java(TM) SE Runtime Environment (21.0.3+7) (build 21.0.3+7-LTS-152)
# Java VM: Java HotSpot(TM) 64-Bit Server VM (21.0.3+7-LTS-152, mixed mode, sharing, tiered, compressed oops, compressed class ptrs, g1 gc, windows-amd64)
GC Precious Log:
 CardTable entry size: 512
 Card Set container configuration: InlinePtr #cards 5 size 8 Array Of Cards #cards 12 size 40 Howl #buckets 4 coarsen threshold 1843 Howl Bitmap #cards 512 size 80 coarsen threshold 460 Card regions per heap region 1 cards per card region 2048
 CPUs: 4 total, 4 available
 Memory: 3971M
 Large Page Support: Disabled
 NUMA Support: Disabled
 Compressed Oops: Enabled (32-bit)
 Heap Region Size: 1M
 Heap Min Capacity: 8M
 Heap Initial Capacity: 64M
 Heap Max Capacity: 994M
 Pre-touch: Disabled
 Parallel Workers: 4
 Concurrent Workers: 1
 Concurrent Refinement Workers: 4
 Periodic GC: Disabled
Heap:
 garbage-first heap   total 65536K, used 16416K [0x00000000c1e00000, 0x0000000100000000)
  region size 1024K, 12 young (12288K), 4 survivors (4096K)
 Metaspace       used 16077K, committed 16384K, reserved 1114112K
  class space    used 1937K, committed 2112K, reserved 1048576K
GC Heap History (6 events):
Event: 2.744 GC heap before
{Heap before GC invocations=0 (full 0):
 garbage-first heap   total 65536K, used 13312K [0x00000000c1e00000, 0x0000000100000000)
  region size 1024K, 13 young (13312K), 0 survivors (0K)
 Metaspace       used 3427K, committed 3648K, reserved 1114112K
  class space    used 335K, committed 448K, reserved 1048576K
}
Event: 2.757 GC heap after
{Heap after GC invocations=1 (full 0):
 garbage-first heap   total 65536K, used 6464K [0x00000000c1e00000, 0x0000000100000000)
  region size 1024K, 2 young (2048K), 2 survivors (2048K)
 Metaspace       used 3427K, committed 3648K, reserved 1114112K
  class space    used 335K, committed 448K, reserved 1048576K
}
Event: 3.520 GC heap before
{Heap before GC invocations=1 (full 0):
 garbage-first heap   total 65536K, used 18752K [0x00000000c1e00000, 0x0000000100000000)
  region size 1024K, 14 young (14336K), 2 survivors (2048K)
 Metaspace       used 6510K, committed 6656K, reserved 1114112K
  class space    used 717K, committed 768K, reserved 1048576K
}
Event: 3.526 GC heap after
{Heap after GC invocations=2 (full 0):
 garbage-first heap   total 65536K, used 7504K [0x00000000c1e00000, 0x0000000100000000)
  region size 1024K, 2 young (2048K), 2 survivors (2048K)
 Metaspace       used 6510K, committed 6656K, reserved 1114112K
  class space    used 717K, committed 768K, reserved 1048576K
}
Event: 4.893 GC heap before
{Heap before GC invocations=2 (full 0):
 garbage-first heap   total 65536K, used 35152K [0x00000000c1e00000, 0x0000000100000000)
  region size 1024K, 30 young (30720K), 2 survivors (2048K)
 Metaspace       used 14369K, committed 14592K, reserved 1114112K
  class space    used 1706K, committed 1792K, reserved 1048576K
}
Event: 4.900 GC heap after
{Heap after GC invocations=3 (full 0):
 garbage-first heap   total 65536K, used 10272K [0x00000000c1e00000, 0x0000000100000000)
  region size 1024K, 4 young (4096K), 4 survivors (4096K)
 Metaspace       used 14369K, committed 14592K, reserved 1114112K
  class space    used 1706K, committed 1792K, reserved 1048576K
}

