# JRE version: Java(TM) SE Runtime Environment (21.0.3+7) (build 21.0.3+7-LTS-152)
# Java VM: Java HotSpot(TM) 64-Bit Server VM (21.0.3+7-LTS-152, mixed mode, sharing, tiered, compressed oops, compressed class ptrs, g1 gc, windows-amd64)
GC Precious Log:
 CardTable entry size: 512
 Card Set container configuration: InlinePtr #cards 5 size 8 Array Of Cards #cards 12 size 40 Howl #buckets 4 coarsen threshold 1843 Howl Bitmap #cards 512 size 80 coarsen threshold 460 Card regions per heap region 1 cards per card region 2048
 CPUs: 4 total, 4 available
 Memory: 3971M
 Large Page Support: Disabled
 NUMA Support: Disabled
 Compressed Oops: Enabled (32-bit)
 Heap Region Size: 1M
 Heap Min Capacity: 8M
 Heap Initial Capacity: 64M
 Heap Max Capacity: 994M
 Pre-touch: Disabled
 Parallel Workers: 4
 Concurrent Workers: 1
 Concurrent Refinement Workers: 4
 Periodic GC: Disabled
Heap:
 garbage-first heap   total 58368K, used 45569K [0x00000000c1e00000, 0x0000000100000000)
  region size 1024K, 32 young (32768K), 4 survivors (4096K)
 Metaspace       used 32345K, committed 32896K, reserved 1114112K
  class space    used 4072K, committed 4288K, reserved 1048576K
GC Heap History (12 events):
Event: 1.199 GC heap before
{Heap before GC invocations=0 (full 0):
 garbage-first heap   total 65536K, used 13312K [0x00000000c1e00000, 0x0000000100000000)
  region size 1024K, 13 young (13312K), 0 survivors (0K)
 Metaspace       used 3418K, committed 3648K, reserved 1114112K
  class space    used 339K, committed 448K, reserved 1048576K
}
Event: 1.209 GC heap after
{Heap after GC invocations=1 (full 0):
 garbage-first heap   total 65536K, used 6688K [0x00000000c1e00000, 0x0000000100000000)
  region size 1024K, 2 young (2048K), 2 survivors (2048K)
 Metaspace       used 3418K, committed 3648K, reserved 1114112K
  class space    used 339K, committed 448K, reserved 1048576K
}
Event: 2.060 GC heap before
{Heap before GC invocations=1 (full 0):
 garbage-first heap   total 65536K, used 20000K [0x00000000c1e00000, 0x0000000100000000)
  region size 1024K, 15 young (15360K), 2 survivors (2048K)
 Metaspace       used 6933K, committed 7168K, reserved 1114112K
  class space    used 771K, committed 896K, reserved 1048576K
}
Event: 2.067 GC heap after
{Heap after GC invocations=2 (full 0):
 garbage-first heap   total 65536K, used 8122K [0x00000000c1e00000, 0x0000000100000000)
  region size 1024K, 2 young (2048K), 2 survivors (2048K)
 Metaspace       used 6933K, committed 7168K, reserved 1114112K
  class space    used 771K, committed 896K, reserved 1048576K
}
Event: 3.601 GC heap before
{Heap before GC invocations=2 (full 0):
 garbage-first heap   total 65536K, used 35770K [0x00000000c1e00000, 0x0000000100000000)
  region size 1024K, 30 young (30720K), 2 survivors (2048K)
 Metaspace       used 14776K, committed 15040K, reserved 1114112K
  class space    used 1745K, committed 1856K, reserved 1048576K
}
Event: 3.609 GC heap after
{Heap after GC invocations=3 (full 0):
 garbage-first heap   total 65536K, used 10525K [0x00000000c1e00000, 0x0000000100000000)
  region size 1024K, 4 young (4096K), 4 survivors (4096K)
 Metaspace       used 14776K, committed 15040K, reserved 1114112K
  class space    used 1745K, committed 1856K, reserved 1048576K
}
Event: 4.917 GC heap before
{Heap before GC invocations=3 (full 0):
 garbage-first heap   total 65536K, used 45341K [0x00000000c1e00000, 0x0000000100000000)
  region size 1024K, 38 young (38912K), 4 survivors (4096K)
 Metaspace       used 19648K, committed 20032K, reserved 1114112K
  class space    used 2355K, committed 2496K, reserved 1048576K
}
Event: 4.929 GC heap after
{Heap after GC invocations=4 (full 0):
 garbage-first heap   total 65536K, used 13684K [0x00000000c1e00000, 0x0000000100000000)
  region size 1024K, 5 young (5120K), 5 survivors (5120K)
 Metaspace       used 19648K, committed 20032K, reserved 1114112K
  class space    used 2355K, committed 2496K, reserved 1048576K
}
Event: 5.408 GC heap before
{Heap before GC invocations=4 (full 0):
 garbage-first heap   total 65536K, used 23924K [0x00000000c1e00000, 0x0000000100000000)
  region size 1024K, 16 young (16384K), 5 survivors (5120K)
 Metaspace       used 21203K, committed 21504K, reserved 1114112K
  class space    used 2551K, committed 2688K, reserved 1048576K
}
Event: 5.417 GC heap after
{Heap after GC invocations=5 (full 0):
 garbage-first heap   total 65536K, used 15070K [0x00000000c1e00000, 0x0000000100000000)
  region size 1024K, 2 young (2048K), 2 survivors (2048K)
 Metaspace       used 21203K, committed 21504K, reserved 1114112K
  class space    used 2551K, committed 2688K, reserved 1048576K
}
Event: 7.605 GC heap before
{Heap before GC invocations=6 (full 0):
 garbage-first heap   total 58368K, used 47838K [0x00000000c1e00000, 0x0000000100000000)
  region size 1024K, 34 young (34816K), 2 survivors (2048K)
 Metaspace       used 26834K, committed 27264K, reserved 1114112K
  class space    used 3391K, committed 3584K, reserved 1048576K
}
Event: 7.615 GC heap after
{Heap after GC invocations=7 (full 0):
 garbage-first heap   total 58368K, used 17921K [0x00000000c1e00000, 0x0000000100000000)
  region size 1024K, 4 young (4096K), 4 survivors (4096K)
 Metaspace       used 26834K, committed 27264K, reserved 1114112K
  class space    used 3391K, committed 3584K, reserved 1048576K
}

